# JRE version: Java(TM) SE Runtime Environment (8.0-b132) (build 1.8.0-b132)
# Java VM: Java HotSpot(TM) 64-Bit Server VM (25.0-b70 mixed mode windows-amd64 compressed oops)
Heap:
 PSYoungGen      total 2048K, used 504K [0x00000000ebb80000, 0x00000000ebe80000, 0x0000000100000000)
  eden space 1024K, 27% used [0x00000000ebb80000,0x00000000ebbc6338,0x00000000ebc80000)
  from space 1024K, 21% used [0x00000000ebc80000,0x00000000ebcb8000,0x00000000ebd80000)
  to   space 1024K, 0% used [0x00000000ebd80000,0x00000000ebd80000,0x00000000ebe80000)
 ParOldGen       total 61952K, used 1150K [0x00000000c3200000, 0x00000000c6e80000, 0x00000000ebb80000)
  object space 61952K, 1% used [0x00000000c3200000,0x00000000c331fba0,0x00000000c6e80000)
 Metaspace       used 4762K, capacity 5636K, committed 5760K, reserved 1056768K
  class space    used 542K, capacity 559K, committed 640K, reserved 1048576K
GC Heap History (10 events):
Event: 14.168 GC heap before
{Heap before GC invocations=9 (full 0):
 PSYoungGen      total 1536K, used 768K [0x00000000ebb80000, 0x00000000ebe00000, 0x0000000100000000)
  eden space 512K, 100% used [0x00000000ebb80000,0x00000000ebc00000,0x00000000ebc00000)
  from space 1024K, 25% used [0x00000000ebd00000,0x00000000ebd40000,0x00000000ebe00000)
  to   space 1024K, 0% used [0x00000000ebc00000,0x00000000ebc00000,0x00000000ebd00000)
 ParOldGen       total 61952K, used 926K [0x00000000c3200000, 0x00000000c6e80000, 0x00000000ebb80000)
  object space 61952K, 1% used [0x00000000c3200000,0x00000000c32e7ba0,0x00000000c6e80000)
 Metaspace       used 4261K, capacity 5304K, committed 5376K, reserved 1056768K
  class space    used 472K, capacity 488K, committed 512K, reserved 1048576K
Event: 14.171 GC heap after
Heap after GC invocations=9 (full 0):
 PSYoungGen      total 1536K, used 160K [0x00000000ebb80000, 0x00000000ebe00000, 0x0000000100000000)
  eden space 512K, 0% used [0x00000000ebb80000,0x00000000ebb80000,0x00000000ebc00000)
  from space 1024K, 15% used [0x00000000ebc00000,0x00000000ebc28000,0x00000000ebd00000)
  to   space 1024K, 0% used [0x00000000ebd00000,0x00000000ebd00000,0x00000000ebe00000)
 ParOldGen       total 61952K, used 958K [0x00000000c3200000, 0x00000000c6e80000, 0x00000000ebb80000)
  object space 61952K, 1% used [0x00000000c3200000,0x00000000c32efba0,0x00000000c6e80000)
 Metaspace       used 4261K, capacity 5304K, committed 5376K, reserved 1056768K
  class space    used 472K, capacity 488K, committed 512K, reserved 1048576K
}
Event: 14.210 GC heap before
{Heap before GC invocations=10 (full 0):
 PSYoungGen      total 1536K, used 672K [0x00000000ebb80000, 0x00000000ebe00000, 0x0000000100000000)
  eden space 512K, 100% used [0x00000000ebb80000,0x00000000ebc00000,0x00000000ebc00000)
  from space 1024K, 15% used [0x00000000ebc00000,0x00000000ebc28000,0x00000000ebd00000)
  to   space 1024K, 0% used [0x00000000ebd00000,0x00000000ebd00000,0x00000000ebe00000)
 ParOldGen       total 61952K, used 958K [0x00000000c3200000, 0x00000000c6e80000, 0x00000000ebb80000)
  object space 61952K, 1% used [0x00000000c3200000,0x00000000c32efba0,0x00000000c6e80000)
 Metaspace       used 4297K, capacity 5304K, committed 5376K, reserved 1056768K
  class space    used 474K, capacity 488K, committed 512K, reserved 1048576K
Event: 14.213 GC heap after
Heap after GC invocations=10 (full 0):
 PSYoungGen      total 1536K, used 128K [0x00000000ebb80000, 0x00000000ebe80000, 0x0000000100000000)
  eden space 512K, 0% used [0x00000000ebb80000,0x00000000ebb80000,0x00000000ebc00000)
  from space 1024K, 12% used [0x00000000ebd00000,0x00000000ebd20000,0x00000000ebe00000)
  to   space 1024K, 0% used [0x00000000ebc00000,0x00000000ebc00000,0x00000000ebd00000)
 ParOldGen       total 61952K, used 990K [0x00000000c3200000, 0x00000000c6e80000, 0x00000000ebb80000)
  object space 61952K, 1% used [0x00000000c3200000,0x00000000c32f7ba0,0x00000000c6e80000)
 Metaspace       used 4297K, capacity 5304K, committed 5376K, reserved 1056768K
  class space    used 474K, capacity 488K, committed 512K, reserved 1048576K
}
Event: 14.498 GC heap before
{Heap before GC invocations=11 (full 0):
 PSYoungGen      total 1536K, used 640K [0x00000000ebb80000, 0x00000000ebe80000, 0x0000000100000000)
  eden space 512K, 100% used [0x00000000ebb80000,0x00000000ebc00000,0x00000000ebc00000)
  from space 1024K, 12% used [0x00000000ebd00000,0x00000000ebd20000,0x00000000ebe00000)
  to   space 1024K, 0% used [0x00000000ebc00000,0x00000000ebc00000,0x00000000ebd00000)
 ParOldGen       total 61952K, used 990K [0x00000000c3200000, 0x00000000c6e80000, 0x00000000ebb80000)
  object space 61952K, 1% used [0x00000000c3200000,0x00000000c32f7ba0,0x00000000c6e80000)
 Metaspace       used 4395K, capacity 5400K, committed 5760K, reserved 1056768K
  class space    used 490K, capacity 520K, committed 640K, reserved 1048576K
Event: 14.499 GC heap after
Heap after GC invocations=11 (full 0):
 PSYoungGen      total 1536K, used 160K [0x00000000ebb80000, 0x00000000ebe80000, 0x0000000100000000)
  eden space 512K, 0% used [0x00000000ebb80000,0x00000000ebb80000,0x00000000ebc00000)
  from space 1024K, 15% used [0x00000000ebc00000,0x00000000ebc28000,0x00000000ebd00000)
  to   space 1024K, 0% used [0x00000000ebd80000,0x00000000ebd80000,0x00000000ebe80000)
 ParOldGen       total 61952K, used 1062K [0x00000000c3200000, 0x00000000c6e80000, 0x00000000ebb80000)
  object space 61952K, 1% used [0x00000000c3200000,0x00000000c3309ba0,0x00000000c6e80000)
 Metaspace       used 4395K, capacity 5400K, committed 5760K, reserved 1056768K
  class space    used 490K, capacity 520K, committed 640K, reserved 1048576K
}
Event: 15.125 GC heap before
{Heap before GC invocations=12 (full 0):
 PSYoungGen      total 1536K, used 672K [0x00000000ebb80000, 0x00000000ebe80000, 0x0000000100000000)
  eden space 512K, 100% used [0x00000000ebb80000,0x00000000ebc00000,0x00000000ebc00000)
  from space 1024K, 15% used [0x00000000ebc00000,0x00000000ebc28000,0x00000000ebd00000)
  to   space 1024K, 0% used [0x00000000ebd80000,0x00000000ebd80000,0x00000000ebe80000)
 ParOldGen       total 61952K, used 1062K [0x00000000c3200000, 0x00000000c6e80000, 0x00000000ebb80000)
  object space 61952K, 1% used [0x00000000c3200000,0x00000000c3309ba0,0x00000000c6e80000)
 Metaspace       used 4552K, capacity 5472K, committed 5760K, reserved 1056768K
  class space    used 506K, capacity 523K, committed 640K, reserved 1048576K
Event: 15.126 GC heap after
Heap after GC invocations=12 (full 0):
 PSYoungGen      total 2048K, used 192K [0x00000000ebb80000, 0x00000000ebe80000, 0x0000000100000000)
  eden space 1024K, 0% used [0x00000000ebb80000,0x00000000ebb80000,0x00000000ebc80000)
  from space 1024K, 18% used [0x00000000ebd80000,0x00000000ebdb0000,0x00000000ebe80000)
  to   space 1024K, 0% used [0x00000000ebc80000,0x00000000ebc80000,0x00000000ebd80000)
 ParOldGen       total 61952K, used 1102K [0x00000000c3200000, 0x00000000c6e80000, 0x00000000ebb80000)
  object space 61952K, 1% used [0x00000000c3200000,0x00000000c3313ba0,0x00000000c6e80000)
 Metaspace       used 4552K, capacity 5472K, committed 5760K, reserved 1056768K
  class space    used 506K, capacity 523K, committed 640K, reserved 1048576K
}
Event: 18.106 GC heap before
{Heap before GC invocations=13 (full 0):
 PSYoungGen      total 2048K, used 1216K [0x00000000ebb80000, 0x00000000ebe80000, 0x0000000100000000)
  eden space 1024K, 100% used [0x00000000ebb80000,0x00000000ebc80000,0x00000000ebc80000)
  from space 1024K, 18% used [0x00000000ebd80000,0x00000000ebdb0000,0x00000000ebe80000)
  to   space 1024K, 0% used [0x00000000ebc80000,0x00000000ebc80000,0x00000000ebd80000)
 ParOldGen       total 61952K, used 1102K [0x00000000c3200000, 0x00000000c6e80000, 0x00000000ebb80000)
  object space 61952K, 1% used [0x00000000c3200000,0x00000000c3313ba0,0x00000000c6e80000)
 Metaspace       used 4716K, capacity 5632K, committed 5760K, reserved 1056768K
  class space    used 533K, capacity 555K, committed 640K, reserved 1048576K
Event: 18.107 GC heap after
Heap after GC invocations=13 (full 0):
 PSYoungGen      total 2048K, used 224K [0x00000000ebb80000, 0x00000000ebe80000, 0x0000000100000000)
  eden space 1024K, 0% used [0x00000000ebb80000,0x00000000ebb80000,0x00000000ebc80000)
  from space 1024K, 21% used [0x00000000ebc80000,0x00000000ebcb8000,0x00000000ebd80000)
  to   space 1024K, 0% used [0x00000000ebd80000,0x00000000ebd80000,0x00000000ebe80000)
 ParOldGen       total 61952K, used 1150K [0x00000000c3200000, 0x00000000c6e80000, 0x00000000ebb80000)
  object space 61952K, 1% used [0x00000000c3200000,0x00000000c331fba0,0x00000000c6e80000)
 Metaspace       used 4716K, capacity 5632K, committed 5760K, reserved 1056768K
  class space    used 533K, capacity 555K, committed 640K, reserved 1048576K
}

