# JRE version: Java(TM) SE Runtime Environment (8.0-b132) (build 1.8.0-b132)
# Java VM: Java HotSpot(TM) 64-Bit Server VM (25.0-b70 mixed mode windows-amd64 compressed oops)
Heap:
 PSYoungGen      total 2048K, used 540K [0x00000000ebb80000, 0x00000000ebf00000, 0x0000000100000000)
  eden space 1024K, 27% used [0x00000000ebb80000,0x00000000ebbc73b0,0x00000000ebc80000)
  from space 1024K, 25% used [0x00000000ebd00000,0x00000000ebd40000,0x00000000ebe00000)
  to   space 1024K, 0% used [0x00000000ebe00000,0x00000000ebe00000,0x00000000ebf00000)
 ParOldGen       total 61952K, used 1102K [0x00000000c3200000, 0x00000000c6e80000, 0x00000000ebb80000)
  object space 61952K, 1% used [0x00000000c3200000,0x00000000c3313910,0x00000000c6e80000)
 Metaspace       used 4760K, capacity 5636K, committed 5760K, reserved 1056768K
  class space    used 542K, capacity 559K, committed 640K, reserved 1048576K
GC Heap History (10 events):
Event: 13.563 GC heap before
{Heap before GC invocations=7 (full 0):
 PSYoungGen      total 1536K, used 1072K [0x00000000ebb80000, 0x00000000ebe00000, 0x0000000100000000)
  eden space 512K, 100% used [0x00000000ebb80000,0x00000000ebc00000,0x00000000ebc00000)
  from space 1024K, 54% used [0x00000000ebd00000,0x00000000ebd8c010,0x00000000ebe00000)
  to   space 1024K, 0% used [0x00000000ebc00000,0x00000000ebc00000,0x00000000ebd00000)
 ParOldGen       total 61952K, used 434K [0x00000000c3200000, 0x00000000c6e80000, 0x00000000ebb80000)
  object space 61952K, 0% used [0x00000000c3200000,0x00000000c326c8b0,0x00000000c6e80000)
 Metaspace       used 3998K, capacity 5080K, committed 5376K, reserved 1056768K
  class space    used 437K, capacity 456K, committed 512K, reserved 1048576K
Event: 13.565 GC heap after
Heap after GC invocations=7 (full 0):
 PSYoungGen      total 1536K, used 320K [0x00000000ebb80000, 0x00000000ebe80000, 0x0000000100000000)
  eden space 512K, 0% used [0x00000000ebb80000,0x00000000ebb80000,0x00000000ebc00000)
  from space 1024K, 31% used [0x00000000ebc00000,0x00000000ebc50000,0x00000000ebd00000)
  to   space 1024K, 0% used [0x00000000ebd80000,0x00000000ebd80000,0x00000000ebe80000)
 ParOldGen       total 61952K, used 798K [0x00000000c3200000, 0x00000000c6e80000, 0x00000000ebb80000)
  object space 61952K, 1% used [0x00000000c3200000,0x00000000c32c7910,0x00000000c6e80000)
 Metaspace       used 3998K, capacity 5080K, committed 5376K, reserved 1056768K
  class space    used 437K, capacity 456K, committed 512K, reserved 1048576K
}
Event: 13.601 GC heap before
{Heap before GC invocations=8 (full 0):
 PSYoungGen      total 1536K, used 832K [0x00000000ebb80000, 0x00000000ebe80000, 0x0000000100000000)
  eden space 512K, 100% used [0x00000000ebb80000,0x00000000ebc00000,0x00000000ebc00000)
  from space 1024K, 31% used [0x00000000ebc00000,0x00000000ebc50000,0x00000000ebd00000)
  to   space 1024K, 0% used [0x00000000ebd80000,0x00000000ebd80000,0x00000000ebe80000)
 ParOldGen       total 61952K, used 798K [0x00000000c3200000, 0x00000000c6e80000, 0x00000000ebb80000)
  object space 61952K, 1% used [0x00000000c3200000,0x00000000c32c7910,0x00000000c6e80000)
 Metaspace       used 4177K, capacity 5240K, committed 5376K, reserved 1056768K
  class space    used 461K, capacity 488K, committed 512K, reserved 1048576K
Event: 13.602 GC heap after
Heap after GC invocations=8 (full 0):
 PSYoungGen      total 2048K, used 224K [0x00000000ebb80000, 0x00000000ebe80000, 0x0000000100000000)
  eden space 1024K, 0% used [0x00000000ebb80000,0x00000000ebb80000,0x00000000ebc80000)
  from space 1024K, 21% used [0x00000000ebd80000,0x00000000ebdb8000,0x00000000ebe80000)
  to   space 1024K, 0% used [0x00000000ebc80000,0x00000000ebc80000,0x00000000ebd80000)
 ParOldGen       total 61952K, used 894K [0x00000000c3200000, 0x00000000c6e80000, 0x00000000ebb80000)
  object space 61952K, 1% used [0x00000000c3200000,0x00000000c32df910,0x00000000c6e80000)
 Metaspace       used 4177K, capacity 5240K, committed 5376K, reserved 1056768K
  class space    used 461K, capacity 488K, committed 512K, reserved 1048576K
}
Event: 14.245 GC heap before
{Heap before GC invocations=9 (full 0):
 PSYoungGen      total 2048K, used 1248K [0x00000000ebb80000, 0x00000000ebe80000, 0x0000000100000000)
  eden space 1024K, 100% used [0x00000000ebb80000,0x00000000ebc80000,0x00000000ebc80000)
  from space 1024K, 21% used [0x00000000ebd80000,0x00000000ebdb8000,0x00000000ebe80000)
  to   space 1024K, 0% used [0x00000000ebc80000,0x00000000ebc80000,0x00000000ebd80000)
 ParOldGen       total 61952K, used 894K [0x00000000c3200000, 0x00000000c6e80000, 0x00000000ebb80000)
  object space 61952K, 1% used [0x00000000c3200000,0x00000000c32df910,0x00000000c6e80000)
 Metaspace       used 4290K, capacity 5304K, committed 5376K, reserved 1056768K
  class space    used 474K, capacity 488K, committed 512K, reserved 1048576K
Event: 14.247 GC heap after
Heap after GC invocations=9 (full 0):
 PSYoungGen      total 2048K, used 192K [0x00000000ebb80000, 0x00000000ebf80000, 0x0000000100000000)
  eden space 1024K, 0% used [0x00000000ebb80000,0x00000000ebb80000,0x00000000ebc80000)
  from space 1024K, 18% used [0x00000000ebc80000,0x00000000ebcb0000,0x00000000ebd80000)
  to   space 1024K, 0% used [0x00000000ebe80000,0x00000000ebe80000,0x00000000ebf80000)
 ParOldGen       total 61952K, used 934K [0x00000000c3200000, 0x00000000c6e80000, 0x00000000ebb80000)
  object space 61952K, 1% used [0x00000000c3200000,0x00000000c32e9910,0x00000000c6e80000)
 Metaspace       used 4290K, capacity 5304K, committed 5376K, reserved 1056768K
  class space    used 474K, capacity 488K, committed 512K, reserved 1048576K
}
Event: 15.509 GC heap before
{Heap before GC invocations=10 (full 0):
 PSYoungGen      total 2048K, used 1216K [0x00000000ebb80000, 0x00000000ebf80000, 0x0000000100000000)
  eden space 1024K, 100% used [0x00000000ebb80000,0x00000000ebc80000,0x00000000ebc80000)
  from space 1024K, 18% used [0x00000000ebc80000,0x00000000ebcb0000,0x00000000ebd80000)
  to   space 1024K, 0% used [0x00000000ebe80000,0x00000000ebe80000,0x00000000ebf80000)
 ParOldGen       total 61952K, used 934K [0x00000000c3200000, 0x00000000c6e80000, 0x00000000ebb80000)
  object space 61952K, 1% used [0x00000000c3200000,0x00000000c32e9910,0x00000000c6e80000)
 Metaspace       used 4548K, capacity 5472K, committed 5760K, reserved 1056768K
  class space    used 506K, capacity 523K, committed 640K, reserved 1048576K
Event: 15.512 GC heap after
Heap after GC invocations=10 (full 0):
 PSYoungGen      total 1536K, used 306K [0x00000000ebb80000, 0x00000000ebf00000, 0x0000000100000000)
  eden space 1024K, 0% used [0x00000000ebb80000,0x00000000ebb80000,0x00000000ebc80000)
  from space 512K, 59% used [0x00000000ebe80000,0x00000000ebecca90,0x00000000ebf00000)
  to   space 1024K, 0% used [0x00000000ebd00000,0x00000000ebd00000,0x00000000ebe00000)
 ParOldGen       total 61952K, used 966K [0x00000000c3200000, 0x00000000c6e80000, 0x00000000ebb80000)
  object space 61952K, 1% used [0x00000000c3200000,0x00000000c32f1910,0x00000000c6e80000)
 Metaspace       used 4548K, capacity 5472K, committed 5760K, reserved 1056768K
  class space    used 506K, capacity 523K, committed 640K, reserved 1048576K
}
Event: 19.141 GC heap before
{Heap before GC invocations=11 (full 0):
 PSYoungGen      total 1536K, used 1330K [0x00000000ebb80000, 0x00000000ebf00000, 0x0000000100000000)
  eden space 1024K, 100% used [0x00000000ebb80000,0x00000000ebc80000,0x00000000ebc80000)
  from space 512K, 59% used [0x00000000ebe80000,0x00000000ebecca90,0x00000000ebf00000)
  to   space 1024K, 0% used [0x00000000ebd00000,0x00000000ebd00000,0x00000000ebe00000)
 ParOldGen       total 61952K, used 966K [0x00000000c3200000, 0x00000000c6e80000, 0x00000000ebb80000)
  object space 61952K, 1% used [0x00000000c3200000,0x00000000c32f1910,0x00000000c6e80000)
 Metaspace       used 4714K, capacity 5632K, committed 5760K, reserved 1056768K
  class space    used 533K, capacity 555K, committed 640K, reserved 1048576K
Event: 19.142 GC heap after
Heap after GC invocations=11 (full 0):
 PSYoungGen      total 2048K, used 256K [0x00000000ebb80000, 0x00000000ebf00000, 0x0000000100000000)
  eden space 1024K, 0% used [0x00000000ebb80000,0x00000000ebb80000,0x00000000ebc80000)
  from space 1024K, 25% used [0x00000000ebd00000,0x00000000ebd40000,0x00000000ebe00000)
  to   space 1024K, 0% used [0x00000000ebe00000,0x00000000ebe00000,0x00000000ebf00000)
 ParOldGen       total 61952K, used 1102K [0x00000000c3200000, 0x00000000c6e80000, 0x00000000ebb80000)
  object space 61952K, 1% used [0x00000000c3200000,0x00000000c3313910,0x00000000c6e80000)
 Metaspace       used 4714K, capacity 5632K, committed 5760K, reserved 1056768K
  class space    used 533K, capacity 555K, committed 640K, reserved 1048576K
}

